{
  "RSpec": {
    "coverage": {
      "/Users/mikelinford/Projects/bookmarks/app.rb": {
        "lines": [
          1,
          1,
          1,
          1,
          null,
          1,
          5,
          null,
          null,
          1,
          9,
          9,
          null,
          null,
          1,
          3,
          3,
          null,
          null,
          1,
          1,
          1,
          null,
          null,
          1,
          1,
          1,
          null,
          null,
          1,
          1,
          1,
          null,
          null,
          1,
          null
        ]
      },
      "/Users/mikelinford/Projects/bookmarks/lib/list.rb": {
        "lines": [
          1,
          1,
          null,
          1,
          null,
          1,
          45,
          45,
          45,
          null,
          null,
          1,
          11,
          11,
          null,
          0,
          null,
          11,
          11,
          36,
          null,
          null,
          null,
          1,
          7,
          0,
          null,
          7,
          null,
          7,
          7,
          null,
          null,
          1,
          2,
          0,
          null,
          2,
          null,
          2,
          null,
          null,
          1,
          2,
          0,
          null,
          2,
          null,
          2,
          2,
          null,
          null
        ]
      },
      "/Users/mikelinford/Projects/bookmarks/spec/feature/web_helpers.rb": {
        "lines": [
          1,
          4,
          null,
          4,
          4,
          4,
          null,
          null
        ]
      },
      "/Users/mikelinford/Projects/bookmarks/spec/setup_test_database.rb": {
        "lines": [
          1,
          9,
          9,
          null,
          9,
          null,
          null,
          9,
          null
        ]
      },
      "/Users/mikelinford/Projects/bookmarks/spec/database_helpers.rb": {
        "lines": [
          1,
          null,
          1,
          1,
          1,
          1,
          null
        ]
      },
      "/Users/mikelinford/Projects/bookmarks/spec/feature/bookmarks_spec.rb": {
        "lines": [
          1,
          1,
          1,
          1,
          1,
          1,
          1,
          1,
          null,
          null,
          1,
          1,
          1,
          1,
          1,
          1,
          1,
          1,
          null,
          null,
          1,
          1,
          1,
          1,
          1,
          1,
          1,
          1,
          1,
          1,
          1,
          1,
          1,
          1,
          null,
          null,
          1,
          1,
          1,
          1,
          1,
          1,
          1,
          1,
          1,
          1,
          null,
          null
        ]
      },
      "/Users/mikelinford/Projects/bookmarks/spec/feature/index_spec.rb": {
        "lines": [
          1,
          1,
          1,
          1,
          null,
          null
        ]
      },
      "/Users/mikelinford/Projects/bookmarks/spec/list_spec.rb": {
        "lines": [
          1,
          1,
          1,
          1,
          1,
          null,
          1,
          1,
          1,
          null,
          4,
          null,
          1,
          1,
          1,
          null,
          null,
          null,
          1,
          1,
          1,
          1,
          null,
          1,
          1,
          1,
          1,
          null,
          null,
          null,
          1,
          1,
          1,
          1,
          1,
          2,
          1,
          null,
          null,
          1,
          1,
          1,
          1,
          1,
          1,
          1,
          1,
          null,
          null,
          null
        ]
      }
    },
    "timestamp": 1605803423
  }
}
