{
  "RSpec": {
    "coverage": {
      "/Users/mikelinford/Projects/bookmarks/app.rb": {
        "lines": [
          1,
          1,
          1,
          null,
          1,
          3,
          null,
          null,
          1,
          3,
          3,
          null,
          null,
          1,
          1,
          1,
          null,
          null,
          null,
          1,
          null
        ]
      },
      "/Users/mikelinford/Projects/bookmarks/lib/list.rb": {
        "lines": [
          1,
          1,
          null,
          1,
          null,
          1,
          15,
          15,
          15,
          null,
          null,
          1,
          4,
          4,
          null,
          0,
          null,
          4,
          4,
          13,
          null,
          null,
          1,
          2,
          0,
          null,
          2,
          null,
          2,
          2,
          null,
          null
        ]
      },
      "/Users/mikelinford/Projects/bookmarks/spec/feature/web_helpers.rb": {
        "lines": [
          1,
          2,
          null,
          2,
          2,
          2,
          null,
          null
        ]
      },
      "/Users/mikelinford/Projects/bookmarks/spec/setup_test_database.rb": {
        "lines": [
          1,
          5,
          5,
          null,
          5,
          null,
          null,
          5,
          null
        ]
      },
      "/Users/mikelinford/Projects/bookmarks/spec/database_helpers.rb": {
        "lines": [
          1,
          null,
          1,
          1,
          1,
          1,
          null
        ]
      },
      "/Users/mikelinford/Projects/bookmarks/spec/feature/bookmarks_spec.rb": {
        "lines": [
          1,
          1,
          1,
          1,
          1,
          1,
          1,
          1,
          null,
          null,
          1,
          1,
          1,
          1,
          1,
          1,
          1,
          1,
          null,
          null
        ]
      },
      "/Users/mikelinford/Projects/bookmarks/spec/feature/index_spec.rb": {
        "lines": [
          1,
          1,
          1,
          1,
          null,
          null
        ]
      },
      "/Users/mikelinford/Projects/bookmarks/spec/list_spec.rb": {
        "lines": [
          1,
          1,
          1,
          1,
          1,
          null,
          1,
          1,
          1,
          null,
          4,
          null,
          1,
          1,
          1,
          null,
          null,
          null,
          1,
          1,
          1,
          1,
          null,
          1,
          1,
          1,
          1,
          null,
          null
        ]
      }
    },
    "timestamp": 1605720033
  }
}
